15/11/2012 11:29:15 (Std) 	+-+-+-+-+-+-+-+-+-+-+-+-+-+-+-+-+-+-+-+-+-+-+-+-+-+-+-+-+-+-+-+-+-+-+-+-+-+-+-+
15/11/2012 11:29:15 (Std) 	+                     Crazy Eddie's GUI System - Event log                    +
15/11/2012 11:29:15 (Std) 	+                          (http://www.cegui.org.uk/)                         +
15/11/2012 11:29:15 (Std) 	+-+-+-+-+-+-+-+-+-+-+-+-+-+-+-+-+-+-+-+-+-+-+-+-+-+-+-+-+-+-+-+-+-+-+-+-+-+-+-+

15/11/2012 11:29:15 (Std) 	CEGUI::Logger singleton created. (09CB73C8)
15/11/2012 11:29:15 (Std) 	
15/11/2012 11:29:15 (Std) 	********************************************************************************
15/11/2012 11:29:15 (Std) 	* Important:                                                                   *
15/11/2012 11:29:15 (Std) 	*     To get support at the CEGUI forums, you must post _at least_ the section *
15/11/2012 11:29:15 (Std) 	*     of this log file indicated below.  Failure to do this will result in no  *
15/11/2012 11:29:15 (Std) 	*     support being given; please do not waste our time.                       *
15/11/2012 11:29:15 (Std) 	********************************************************************************
15/11/2012 11:29:15 (Std) 	********************************************************************************
15/11/2012 11:29:15 (Std) 	* -------- START OF ESSENTIAL SECTION TO BE POSTED ON THE FORUM       -------- *
15/11/2012 11:29:15 (Std) 	********************************************************************************
15/11/2012 11:29:15 (Std) 	---- Version 0.7.5 (Build: Aug 16 2012 Debug Microsoft Windows MSVC++ Great Scott! 32 bit) ----
15/11/2012 11:29:15 (Std) 	---- Renderer module is: CEGUI::Direct3D9Renderer - Official Direct3D 9 based 2nd generation renderer module. ----
15/11/2012 11:29:15 (Std) 	---- XML Parser module is: CEGUI::ExpatParser - Official expat based parser module for CEGUI ----
15/11/2012 11:29:15 (Std) 	---- Image Codec module is: SILLYImageCodec - Official SILLY based image codec ----
15/11/2012 11:29:15 (Std) 	---- Scripting module is: None ----
15/11/2012 11:29:15 (Std) 	********************************************************************************
15/11/2012 11:29:15 (Std) 	* -------- END OF ESSENTIAL SECTION TO BE POSTED ON THE FORUM         -------- *
15/11/2012 11:29:15 (Std) 	********************************************************************************
15/11/2012 11:29:15 (Std) 	
15/11/2012 11:29:15 (Std) 	---- Begining CEGUI System initialisation ----
15/11/2012 11:29:15 (Std) 	CEGUI::ImagesetManager singleton created (00359ED8)
15/11/2012 11:29:15 (Std) 	CEGUI::FontManager singleton created. (0035A0A8)
15/11/2012 11:29:15 (Std) 	CEGUI::WindowFactoryManager singleton created
15/11/2012 11:29:15 (Std) 	CEGUI::WindowManager singleton created (00360530)
15/11/2012 11:29:15 (Std) 	CEGUI::SchemeManager singleton created. (0035A190)
15/11/2012 11:29:15 (Std) 	CEGUI::MouseCursor singleton created. (003832D8)
15/11/2012 11:29:15 (Std) 	CEGUI::GlobalEventSet singleton created. (0035C358)
15/11/2012 11:29:15 (Std) 	CEGUI::AnimationManager singleton created (00366D28)
15/11/2012 11:29:15 (Std) 	CEGUI::WidgetLookManager singleton created. (003C2FD8)
15/11/2012 11:29:15 (Std) 	CEGUI::WindowRendererManager singleton created (003C3080)
15/11/2012 11:29:15 (Std) 	CEGUI::RenderEffectManager singleton created (00387300)
15/11/2012 11:29:15 (Std) 	Created WindowFactory for 'DefaultWindow' windows.
15/11/2012 11:29:15 (Std) 	WindowFactory for 'DefaultWindow' windows added. (09CBAA58)
15/11/2012 11:29:15 (Std) 	Created WindowFactory for 'DragContainer' windows.
15/11/2012 11:29:15 (Std) 	WindowFactory for 'DragContainer' windows added. (09CBAC48)
15/11/2012 11:29:15 (Std) 	Created WindowFactory for 'ScrolledContainer' windows.
15/11/2012 11:29:15 (Std) 	WindowFactory for 'ScrolledContainer' windows added. (09CC0568)
15/11/2012 11:29:15 (Std) 	Created WindowFactory for 'ClippedContainer' windows.
15/11/2012 11:29:15 (Std) 	WindowFactory for 'ClippedContainer' windows added. (09CC0630)
15/11/2012 11:29:15 (Std) 	Created WindowFactory for 'CEGUI/Checkbox' windows.
15/11/2012 11:29:15 (Std) 	WindowFactory for 'CEGUI/Checkbox' windows added. (09CC06F8)
15/11/2012 11:29:15 (Std) 	Created WindowFactory for 'CEGUI/PushButton' windows.
15/11/2012 11:29:15 (Std) 	WindowFactory for 'CEGUI/PushButton' windows added. (09CC07C0)
15/11/2012 11:29:15 (Std) 	Created WindowFactory for 'CEGUI/RadioButton' windows.
15/11/2012 11:29:15 (Std) 	WindowFactory for 'CEGUI/RadioButton' windows added. (09CC0888)
15/11/2012 11:29:15 (Std) 	Created WindowFactory for 'CEGUI/Combobox' windows.
15/11/2012 11:29:15 (Std) 	WindowFactory for 'CEGUI/Combobox' windows added. (09CC0950)
15/11/2012 11:29:15 (Std) 	Created WindowFactory for 'CEGUI/ComboDropList' windows.
15/11/2012 11:29:15 (Std) 	WindowFactory for 'CEGUI/ComboDropList' windows added. (09CC0A18)
15/11/2012 11:29:15 (Std) 	Created WindowFactory for 'CEGUI/Editbox' windows.
15/11/2012 11:29:15 (Std) 	WindowFactory for 'CEGUI/Editbox' windows added. (003C3458)
15/11/2012 11:29:15 (Std) 	Created WindowFactory for 'CEGUI/FrameWindow' windows.
15/11/2012 11:29:15 (Std) 	WindowFactory for 'CEGUI/FrameWindow' windows added. (003C3520)
15/11/2012 11:29:15 (Std) 	Created WindowFactory for 'CEGUI/ItemEntry' windows.
15/11/2012 11:29:15 (Std) 	WindowFactory for 'CEGUI/ItemEntry' windows added. (003C35E8)
15/11/2012 11:29:15 (Std) 	Created WindowFactory for 'CEGUI/Listbox' windows.
15/11/2012 11:29:15 (Std) 	WindowFactory for 'CEGUI/Listbox' windows added. (003C36B0)
15/11/2012 11:29:15 (Std) 	Created WindowFactory for 'CEGUI/ListHeader' windows.
15/11/2012 11:29:15 (Std) 	WindowFactory for 'CEGUI/ListHeader' windows added. (003C3778)
15/11/2012 11:29:15 (Std) 	Created WindowFactory for 'CEGUI/ListHeaderSegment' windows.
15/11/2012 11:29:15 (Std) 	WindowFactory for 'CEGUI/ListHeaderSegment' windows added. (003C3840)
15/11/2012 11:29:15 (Std) 	Created WindowFactory for 'CEGUI/Menubar' windows.
15/11/2012 11:29:15 (Std) 	WindowFactory for 'CEGUI/Menubar' windows added. (003C3908)
15/11/2012 11:29:15 (Std) 	Created WindowFactory for 'CEGUI/PopupMenu' windows.
15/11/2012 11:29:15 (Std) 	WindowFactory for 'CEGUI/PopupMenu' windows added. (003C39D0)
15/11/2012 11:29:15 (Std) 	Created WindowFactory for 'CEGUI/MenuItem' windows.
15/11/2012 11:29:15 (Std) 	WindowFactory for 'CEGUI/MenuItem' windows added. (003C3A98)
15/11/2012 11:29:15 (Std) 	Created WindowFactory for 'CEGUI/MultiColumnList' windows.
15/11/2012 11:29:15 (Std) 	WindowFactory for 'CEGUI/MultiColumnList' windows added. (003C3B60)
15/11/2012 11:29:15 (Std) 	Created WindowFactory for 'CEGUI/MultiLineEditbox' windows.
15/11/2012 11:29:15 (Std) 	WindowFactory for 'CEGUI/MultiLineEditbox' windows added. (003C3C28)
15/11/2012 11:29:15 (Std) 	Created WindowFactory for 'CEGUI/ProgressBar' windows.
15/11/2012 11:29:15 (Std) 	WindowFactory for 'CEGUI/ProgressBar' windows added. (003C3CF0)
15/11/2012 11:29:15 (Std) 	Created WindowFactory for 'CEGUI/ScrollablePane' windows.
15/11/2012 11:29:15 (Std) 	WindowFactory for 'CEGUI/ScrollablePane' windows added. (003C3DB8)
15/11/2012 11:29:15 (Std) 	Created WindowFactory for 'CEGUI/Scrollbar' windows.
15/11/2012 11:29:15 (Std) 	WindowFactory for 'CEGUI/Scrollbar' windows added. (003C3E80)
15/11/2012 11:29:15 (Std) 	Created WindowFactory for 'CEGUI/Slider' windows.
15/11/2012 11:29:15 (Std) 	WindowFactory for 'CEGUI/Slider' windows added. (003C3F48)
15/11/2012 11:29:15 (Std) 	Created WindowFactory for 'CEGUI/Spinner' windows.
15/11/2012 11:29:15 (Std) 	WindowFactory for 'CEGUI/Spinner' windows added. (003C4010)
15/11/2012 11:29:15 (Std) 	Created WindowFactory for 'CEGUI/TabButton' windows.
15/11/2012 11:29:15 (Std) 	WindowFactory for 'CEGUI/TabButton' windows added. (003C40D8)
15/11/2012 11:29:15 (Std) 	Created WindowFactory for 'CEGUI/TabControl' windows.
15/11/2012 11:29:15 (Std) 	WindowFactory for 'CEGUI/TabControl' windows added. (003C41A0)
15/11/2012 11:29:15 (Std) 	Created WindowFactory for 'CEGUI/Thumb' windows.
15/11/2012 11:29:15 (Std) 	WindowFactory for 'CEGUI/Thumb' windows added. (003C4268)
15/11/2012 11:29:15 (Std) 	Created WindowFactory for 'CEGUI/Titlebar' windows.
15/11/2012 11:29:15 (Std) 	WindowFactory for 'CEGUI/Titlebar' windows added. (003C43F8)
15/11/2012 11:29:15 (Std) 	Created WindowFactory for 'CEGUI/Tooltip' windows.
15/11/2012 11:29:15 (Std) 	WindowFactory for 'CEGUI/Tooltip' windows added. (003C4330)
15/11/2012 11:29:15 (Std) 	Created WindowFactory for 'CEGUI/ItemListbox' windows.
15/11/2012 11:29:15 (Std) 	WindowFactory for 'CEGUI/ItemListbox' windows added. (003C44C0)
15/11/2012 11:29:15 (Std) 	Created WindowFactory for 'CEGUI/GroupBox' windows.
15/11/2012 11:29:15 (Std) 	WindowFactory for 'CEGUI/GroupBox' windows added. (003C4588)
15/11/2012 11:29:15 (Std) 	Created WindowFactory for 'CEGUI/Tree' windows.
15/11/2012 11:29:15 (Std) 	WindowFactory for 'CEGUI/Tree' windows added. (003C4650)
15/11/2012 11:29:15 (Std) 	Created WindowFactory for 'HorizontalLayoutContainer' windows.
15/11/2012 11:29:15 (Std) 	WindowFactory for 'HorizontalLayoutContainer' windows added. (003C47E0)
15/11/2012 11:29:15 (Std) 	Created WindowFactory for 'VerticalLayoutContainer' windows.
15/11/2012 11:29:15 (Std) 	WindowFactory for 'VerticalLayoutContainer' windows added. (003C4718)
15/11/2012 11:29:15 (Std) 	Created WindowFactory for 'GridLayoutContainer' windows.
15/11/2012 11:29:15 (Std) 	WindowFactory for 'GridLayoutContainer' windows added. (003C48A8)
15/11/2012 11:29:15 (Std) 	Window type alias named 'DefaultGUISheet' added for window type 'DefaultWindow'.
15/11/2012 11:29:15 (Std) 	CEGUI::System singleton created. (003C2860)
15/11/2012 11:29:15 (Std) 	---- CEGUI System initialisation completed ----
15/11/2012 11:29:15 (Std) 	
15/11/2012 11:29:15 (Std) 	Started creation of Scheme from XML specification:
15/11/2012 11:29:15 (Std) 	---- CEGUI GUIScheme name: TaharezLook
15/11/2012 11:29:15 (Std) 	Started creation of Imageset from XML specification:
15/11/2012 11:29:15 (Std) 	---- CEGUI Imageset name: TaharezLook
15/11/2012 11:29:15 (Std) 	---- Source texture file: TaharezLook.tga in resource group: (Default)
15/11/2012 11:29:15 (Std) 	Started creation of Font from XML specification:
15/11/2012 11:29:15 (Std) 	---- CEGUI font name: DejaVuSans-10
15/11/2012 11:29:15 (Std) 	----       Font type: FreeType
15/11/2012 11:29:15 (Std) 	----     Source file: DejaVuSans.ttf in resource group: (Default)
15/11/2012 11:29:15 (Std) 	---- Real point size: 10
15/11/2012 11:29:15 (Std) 	===== Falagard 'root' element: look and feel parsing begins =====
15/11/2012 11:29:16 (Std) 	===== Look and feel parsing completed =====
15/11/2012 11:29:16 (Std) 	No window renderer factories specified for module 'CEGUIFalagardWRBase' - adding all available factories...
15/11/2012 11:29:16 (Std) 	Created WindowRendererFactory for 'Falagard/Button' WindowRenderers.
15/11/2012 11:29:16 (Std) 	WindowRendererFactory 'Falagard/Button' added. (003C5458)
15/11/2012 11:29:16 (Std) 	Created WindowRendererFactory for 'Falagard/Default' WindowRenderers.
15/11/2012 11:29:16 (Std) 	WindowRendererFactory 'Falagard/Default' added. (003C55E8)
15/11/2012 11:29:16 (Std) 	Created WindowRendererFactory for 'Falagard/Editbox' WindowRenderers.
15/11/2012 11:29:16 (Std) 	WindowRendererFactory 'Falagard/Editbox' added. (003C5520)
15/11/2012 11:29:16 (Std) 	Created WindowRendererFactory for 'Falagard/FrameWindow' WindowRenderers.
15/11/2012 11:29:16 (Std) 	WindowRendererFactory 'Falagard/FrameWindow' added. (003C56B0)
15/11/2012 11:29:16 (Std) 	Created WindowRendererFactory for 'Falagard/ItemEntry' WindowRenderers.
15/11/2012 11:29:16 (Std) 	WindowRendererFactory 'Falagard/ItemEntry' added. (003C5778)
15/11/2012 11:29:16 (Std) 	Created WindowRendererFactory for 'Falagard/ListHeader' WindowRenderers.
15/11/2012 11:29:16 (Std) 	WindowRendererFactory 'Falagard/ListHeader' added. (003C5840)
15/11/2012 11:29:16 (Std) 	Created WindowRendererFactory for 'Falagard/ListHeaderSegment' WindowRenderers.
15/11/2012 11:29:16 (Std) 	WindowRendererFactory 'Falagard/ListHeaderSegment' added. (003C5908)
15/11/2012 11:29:16 (Std) 	Created WindowRendererFactory for 'Falagard/Listbox' WindowRenderers.
15/11/2012 11:29:16 (Std) 	WindowRendererFactory 'Falagard/Listbox' added. (003C59D0)
15/11/2012 11:29:16 (Std) 	Created WindowRendererFactory for 'Falagard/Menubar' WindowRenderers.
15/11/2012 11:29:16 (Std) 	WindowRendererFactory 'Falagard/Menubar' added. (003C5A98)
15/11/2012 11:29:16 (Std) 	Created WindowRendererFactory for 'Falagard/MenuItem' WindowRenderers.
15/11/2012 11:29:16 (Std) 	WindowRendererFactory 'Falagard/MenuItem' added. (003C5B60)
15/11/2012 11:29:16 (Std) 	Created WindowRendererFactory for 'Falagard/MultiColumnList' WindowRenderers.
15/11/2012 11:29:16 (Std) 	WindowRendererFactory 'Falagard/MultiColumnList' added. (003C5C28)
15/11/2012 11:29:16 (Std) 	Created WindowRendererFactory for 'Falagard/MultiLineEditbox' WindowRenderers.
15/11/2012 11:29:16 (Std) 	WindowRendererFactory 'Falagard/MultiLineEditbox' added. (003C5CF0)
15/11/2012 11:29:16 (Std) 	Created WindowRendererFactory for 'Falagard/PopupMenu' WindowRenderers.
15/11/2012 11:29:16 (Std) 	WindowRendererFactory 'Falagard/PopupMenu' added. (003C5DB8)
15/11/2012 11:29:16 (Std) 	Created WindowRendererFactory for 'Falagard/ProgressBar' WindowRenderers.
15/11/2012 11:29:16 (Std) 	WindowRendererFactory 'Falagard/ProgressBar' added. (003C5E80)
15/11/2012 11:29:16 (Std) 	Created WindowRendererFactory for 'Falagard/ScrollablePane' WindowRenderers.
15/11/2012 11:29:16 (Std) 	WindowRendererFactory 'Falagard/ScrollablePane' added. (003C5F48)
15/11/2012 11:29:16 (Std) 	Created WindowRendererFactory for 'Falagard/Scrollbar' WindowRenderers.
15/11/2012 11:29:16 (Std) 	WindowRendererFactory 'Falagard/Scrollbar' added. (003C6010)
15/11/2012 11:29:16 (Std) 	Created WindowRendererFactory for 'Falagard/Slider' WindowRenderers.
15/11/2012 11:29:16 (Std) 	WindowRendererFactory 'Falagard/Slider' added. (003C60D8)
15/11/2012 11:29:16 (Std) 	Created WindowRendererFactory for 'Falagard/Static' WindowRenderers.
15/11/2012 11:29:16 (Std) 	WindowRendererFactory 'Falagard/Static' added. (003C6268)
15/11/2012 11:29:16 (Std) 	Created WindowRendererFactory for 'Falagard/StaticImage' WindowRenderers.
15/11/2012 11:29:16 (Std) 	WindowRendererFactory 'Falagard/StaticImage' added. (003C6330)
15/11/2012 11:29:16 (Std) 	Created WindowRendererFactory for 'Falagard/StaticText' WindowRenderers.
15/11/2012 11:29:16 (Std) 	WindowRendererFactory 'Falagard/StaticText' added. (003C61A0)
15/11/2012 11:29:16 (Std) 	Created WindowRendererFactory for 'Falagard/SystemButton' WindowRenderers.
15/11/2012 11:29:16 (Std) 	WindowRendererFactory 'Falagard/SystemButton' added. (003C63F8)
15/11/2012 11:29:16 (Std) 	Created WindowRendererFactory for 'Falagard/TabButton' WindowRenderers.
15/11/2012 11:29:16 (Std) 	WindowRendererFactory 'Falagard/TabButton' added. (003C64C0)
15/11/2012 11:29:16 (Std) 	Created WindowRendererFactory for 'Falagard/TabControl' WindowRenderers.
15/11/2012 11:29:16 (Std) 	WindowRendererFactory 'Falagard/TabControl' added. (003C6588)
15/11/2012 11:29:16 (Std) 	Created WindowRendererFactory for 'Falagard/Titlebar' WindowRenderers.
15/11/2012 11:29:16 (Std) 	WindowRendererFactory 'Falagard/Titlebar' added. (003C6650)
15/11/2012 11:29:16 (Std) 	Created WindowRendererFactory for 'Falagard/ToggleButton' WindowRenderers.
15/11/2012 11:29:16 (Std) 	WindowRendererFactory 'Falagard/ToggleButton' added. (003C6718)
15/11/2012 11:29:16 (Std) 	Created WindowRendererFactory for 'Falagard/Tooltip' WindowRenderers.
15/11/2012 11:29:16 (Std) 	WindowRendererFactory 'Falagard/Tooltip' added. (003C67E0)
15/11/2012 11:29:16 (Std) 	Created WindowRendererFactory for 'Falagard/ItemListbox' WindowRenderers.
15/11/2012 11:29:16 (Std) 	WindowRendererFactory 'Falagard/ItemListbox' added. (003C68A8)
15/11/2012 11:29:16 (Std) 	Created WindowRendererFactory for 'Falagard/Tree' WindowRenderers.
15/11/2012 11:29:16 (Std) 	WindowRendererFactory 'Falagard/Tree' added. (003C6970)
15/11/2012 11:29:16 (Std) 	Creating falagard mapping for type 'TaharezLook/Button' using base type 'CEGUI/PushButton', window renderer 'Falagard/Button' Look'N'Feel 'TaharezLook/Button' and RenderEffect ''. (0018B454)
15/11/2012 11:29:16 (Std) 	Creating falagard mapping for type 'TaharezLook/Checkbox' using base type 'CEGUI/Checkbox', window renderer 'Falagard/ToggleButton' Look'N'Feel 'TaharezLook/Checkbox' and RenderEffect ''. (0018B454)
15/11/2012 11:29:16 (Std) 	Creating falagard mapping for type 'TaharezLook/ImageButton' using base type 'CEGUI/PushButton', window renderer 'Falagard/Button' Look'N'Feel 'TaharezLook/ImageButton' and RenderEffect ''. (0018B454)
15/11/2012 11:29:16 (Std) 	Creating falagard mapping for type 'TaharezLook/RadioButton' using base type 'CEGUI/RadioButton', window renderer 'Falagard/ToggleButton' Look'N'Feel 'TaharezLook/RadioButton' and RenderEffect ''. (0018B454)
15/11/2012 11:29:16 (Std) 	Creating falagard mapping for type 'TaharezLook/FrameWindow' using base type 'CEGUI/FrameWindow', window renderer 'Falagard/FrameWindow' Look'N'Feel 'TaharezLook/FrameWindow' and RenderEffect ''. (0018B454)
15/11/2012 11:29:16 (Std) 	Creating falagard mapping for type 'TaharezLook/Titlebar' using base type 'CEGUI/Titlebar', window renderer 'Falagard/Titlebar' Look'N'Feel 'TaharezLook/Titlebar' and RenderEffect ''. (0018B454)
15/11/2012 11:29:16 (Std) 	Creating falagard mapping for type 'TaharezLook/SystemButton' using base type 'CEGUI/PushButton', window renderer 'Falagard/Button' Look'N'Feel 'TaharezLook/Button' and RenderEffect ''. (0018B454)
15/11/2012 11:29:16 (Std) 	Creating falagard mapping for type 'TaharezLook/Editbox' using base type 'CEGUI/Editbox', window renderer 'Falagard/Editbox' Look'N'Feel 'TaharezLook/Editbox' and RenderEffect ''. (0018B454)
15/11/2012 11:29:16 (Std) 	Creating falagard mapping for type 'TaharezLook/MultiLineEditbox' using base type 'CEGUI/MultiLineEditbox', window renderer 'Falagard/MultiLineEditbox' Look'N'Feel 'TaharezLook/MultiLineEditbox' and RenderEffect ''. (0018B454)
15/11/2012 11:29:16 (Std) 	Creating falagard mapping for type 'TaharezLook/Menubar' using base type 'CEGUI/Menubar', window renderer 'Falagard/Menubar' Look'N'Feel 'TaharezLook/Menubar' and RenderEffect ''. (0018B454)
15/11/2012 11:29:16 (Std) 	Creating falagard mapping for type 'TaharezLook/PopupMenu' using base type 'CEGUI/PopupMenu', window renderer 'Falagard/PopupMenu' Look'N'Feel 'TaharezLook/PopupMenu' and RenderEffect ''. (0018B454)
15/11/2012 11:29:16 (Std) 	Creating falagard mapping for type 'TaharezLook/MenuItem' using base type 'CEGUI/MenuItem', window renderer 'Falagard/MenuItem' Look'N'Feel 'TaharezLook/MenuItem' and RenderEffect ''. (0018B454)
15/11/2012 11:29:16 (Std) 	Creating falagard mapping for type 'TaharezLook/AlternateProgressBar' using base type 'CEGUI/ProgressBar', window renderer 'Falagard/ProgressBar' Look'N'Feel 'TaharezLook/AltProgressBar' and RenderEffect ''. (0018B454)
15/11/2012 11:29:16 (Std) 	Creating falagard mapping for type 'TaharezLook/ProgressBar' using base type 'CEGUI/ProgressBar', window renderer 'Falagard/ProgressBar' Look'N'Feel 'TaharezLook/ProgressBar' and RenderEffect ''. (0018B454)
15/11/2012 11:29:16 (Std) 	Creating falagard mapping for type 'TaharezLook/VUMeter' using base type 'CEGUI/ProgressBar', window renderer 'Falagard/ProgressBar' Look'N'Feel 'TaharezLook/VUMeter' and RenderEffect ''. (0018B454)
15/11/2012 11:29:16 (Std) 	Creating falagard mapping for type 'TaharezLook/VerticalScrollbar' using base type 'CEGUI/Scrollbar', window renderer 'Falagard/Scrollbar' Look'N'Feel 'TaharezLook/VerticalScrollbar' and RenderEffect ''. (0018B454)
15/11/2012 11:29:16 (Std) 	Creating falagard mapping for type 'TaharezLook/HorizontalScrollbar' using base type 'CEGUI/Scrollbar', window renderer 'Falagard/Scrollbar' Look'N'Feel 'TaharezLook/HorizontalScrollbar' and RenderEffect ''. (0018B454)
15/11/2012 11:29:16 (Std) 	Creating falagard mapping for type 'TaharezLook/VerticalScrollbarThumb' using base type 'CEGUI/Thumb', window renderer 'Falagard/Button' Look'N'Feel 'TaharezLook/VerticalScrollbarThumb' and RenderEffect ''. (0018B454)
15/11/2012 11:29:16 (Std) 	Creating falagard mapping for type 'TaharezLook/HorizontalScrollbarThumb' using base type 'CEGUI/Thumb', window renderer 'Falagard/Button' Look'N'Feel 'TaharezLook/HorizontalScrollbarThumb' and RenderEffect ''. (0018B454)
15/11/2012 11:29:16 (Std) 	Creating falagard mapping for type 'TaharezLook/LargeVerticalScrollbar' using base type 'CEGUI/Scrollbar', window renderer 'Falagard/Scrollbar' Look'N'Feel 'TaharezLook/LargeVerticalScrollbar' and RenderEffect ''. (0018B454)
15/11/2012 11:29:16 (Std) 	Creating falagard mapping for type 'TaharezLook/LargeVerticalScrollbarThumb' using base type 'CEGUI/Thumb', window renderer 'Falagard/Button' Look'N'Feel 'TaharezLook/LargeVerticalScrollbarThumb' and RenderEffect ''. (0018B454)
15/11/2012 11:29:16 (Std) 	Creating falagard mapping for type 'TaharezLook/TabButton' using base type 'CEGUI/TabButton', window renderer 'Falagard/TabButton' Look'N'Feel 'TaharezLook/TabButton' and RenderEffect ''. (0018B454)
15/11/2012 11:29:16 (Std) 	Creating falagard mapping for type 'TaharezLook/TabControl' using base type 'CEGUI/TabControl', window renderer 'Falagard/TabControl' Look'N'Feel 'TaharezLook/TabControl' and RenderEffect ''. (0018B454)
15/11/2012 11:29:16 (Std) 	Creating falagard mapping for type 'TaharezLook/TabContentPane' using base type 'DefaultWindow', window renderer 'Falagard/Default' Look'N'Feel 'TaharezLook/TabContentPane' and RenderEffect ''. (0018B454)
15/11/2012 11:29:16 (Std) 	Creating falagard mapping for type 'TaharezLook/TabButtonPane' using base type 'DefaultWindow', window renderer 'Falagard/Default' Look'N'Feel 'TaharezLook/TabButtonPane' and RenderEffect ''. (0018B454)
15/11/2012 11:29:16 (Std) 	Creating falagard mapping for type 'TaharezLook/ComboDropList' using base type 'CEGUI/ComboDropList', window renderer 'Falagard/Listbox' Look'N'Feel 'TaharezLook/ComboDropList' and RenderEffect ''. (0018B454)
15/11/2012 11:29:16 (Std) 	Creating falagard mapping for type 'TaharezLook/ComboEditbox' using base type 'CEGUI/Editbox', window renderer 'Falagard/Editbox' Look'N'Feel 'TaharezLook/ComboEditbox' and RenderEffect ''. (0018B454)
15/11/2012 11:29:16 (Std) 	Creating falagard mapping for type 'TaharezLook/Combobox' using base type 'CEGUI/Combobox', window renderer 'Falagard/Default' Look'N'Feel 'TaharezLook/Combobox' and RenderEffect ''. (0018B454)
15/11/2012 11:29:16 (Std) 	Creating falagard mapping for type 'TaharezLook/Listbox' using base type 'CEGUI/Listbox', window renderer 'Falagard/Listbox' Look'N'Feel 'TaharezLook/Listbox' and RenderEffect ''. (0018B454)
15/11/2012 11:29:16 (Std) 	Creating falagard mapping for type 'TaharezLook/ListHeader' using base type 'CEGUI/ListHeader', window renderer 'Falagard/ListHeader' Look'N'Feel 'TaharezLook/ListHeader' and RenderEffect ''. (0018B454)
15/11/2012 11:29:16 (Std) 	Creating falagard mapping for type 'TaharezLook/ListHeaderSegment' using base type 'CEGUI/ListHeaderSegment', window renderer 'Falagard/ListHeaderSegment' Look'N'Feel 'TaharezLook/ListHeaderSegment' and RenderEffect ''. (0018B454)
15/11/2012 11:29:16 (Std) 	Creating falagard mapping for type 'TaharezLook/MultiColumnList' using base type 'CEGUI/MultiColumnList', window renderer 'Falagard/MultiColumnList' Look'N'Feel 'TaharezLook/MultiColumnList' and RenderEffect ''. (0018B454)
15/11/2012 11:29:16 (Std) 	Creating falagard mapping for type 'TaharezLook/Slider' using base type 'CEGUI/Slider', window renderer 'Falagard/Slider' Look'N'Feel 'TaharezLook/Slider' and RenderEffect ''. (0018B454)
15/11/2012 11:29:16 (Std) 	Creating falagard mapping for type 'TaharezLook/SliderThumb' using base type 'CEGUI/Thumb', window renderer 'Falagard/Button' Look'N'Feel 'TaharezLook/SliderThumb' and RenderEffect ''. (0018B454)
15/11/2012 11:29:16 (Std) 	Creating falagard mapping for type 'TaharezLook/ScrollablePane' using base type 'CEGUI/ScrollablePane', window renderer 'Falagard/ScrollablePane' Look'N'Feel 'TaharezLook/ScrollablePane' and RenderEffect ''. (0018B454)
15/11/2012 11:29:16 (Std) 	Creating falagard mapping for type 'TaharezLook/Spinner' using base type 'CEGUI/Spinner', window renderer 'Falagard/Default' Look'N'Feel 'TaharezLook/Spinner' and RenderEffect ''. (0018B454)
15/11/2012 11:29:16 (Std) 	Creating falagard mapping for type 'TaharezLook/Tooltip' using base type 'CEGUI/Tooltip', window renderer 'Falagard/Tooltip' Look'N'Feel 'TaharezLook/Tooltip' and RenderEffect ''. (0018B454)
15/11/2012 11:29:16 (Std) 	Creating falagard mapping for type 'TaharezLook/StaticImage' using base type 'DefaultWindow', window renderer 'Falagard/StaticImage' Look'N'Feel 'TaharezLook/StaticImage' and RenderEffect ''. (0018B454)
15/11/2012 11:29:16 (Std) 	Creating falagard mapping for type 'TaharezLook/StaticText' using base type 'DefaultWindow', window renderer 'Falagard/StaticText' Look'N'Feel 'TaharezLook/StaticText' and RenderEffect ''. (0018B454)
15/11/2012 11:29:16 (Std) 	Creating falagard mapping for type 'TaharezLook/ItemListbox' using base type 'CEGUI/ItemListbox', window renderer 'Falagard/ItemListbox' Look'N'Feel 'TaharezLook/ItemListbox' and RenderEffect ''. (0018B454)
15/11/2012 11:29:16 (Std) 	Creating falagard mapping for type 'TaharezLook/ListboxItem' using base type 'CEGUI/ItemEntry', window renderer 'Falagard/ItemEntry' Look'N'Feel 'TaharezLook/ListboxItem' and RenderEffect ''. (0018B454)
15/11/2012 11:29:16 (Std) 	Creating falagard mapping for type 'TaharezLook/GroupBox' using base type 'CEGUI/GroupBox', window renderer 'Falagard/Default' Look'N'Feel 'TaharezLook/GroupBox' and RenderEffect ''. (0018B454)
15/11/2012 11:29:16 (Std) 	Creating falagard mapping for type 'TaharezLook/Tree' using base type 'CEGUI/Tree', window renderer 'Falagard/Tree' Look'N'Feel 'TaharezLook/Tree' and RenderEffect ''. (0018B454)
15/11/2012 11:29:16 (Std) 	Started creation of Scheme from XML specification:
15/11/2012 11:29:16 (Std) 	---- CEGUI GUIScheme name: VanillaSkin
15/11/2012 11:29:16 (Std) 	Started creation of Imageset from XML specification:
15/11/2012 11:29:16 (Std) 	---- CEGUI Imageset name: Vanilla-Images
15/11/2012 11:29:16 (Std) 	---- Source texture file: vanilla.tga in resource group: (Default)
15/11/2012 11:29:16 (Std) 	===== Falagard 'root' element: look and feel parsing begins =====
15/11/2012 11:29:16 (Std) 	===== Look and feel parsing completed =====
15/11/2012 11:29:16 (Std) 	No window renderer factories specified for module 'CEGUIFalagardWRBase' - adding all available factories...
15/11/2012 11:29:16 (Std) 	Creating falagard mapping for type 'Vanilla/Titlebar' using base type 'CEGUI/Titlebar', window renderer 'Falagard/Titlebar' Look'N'Feel 'Vanilla/Titlebar' and RenderEffect ''. (0018B454)
15/11/2012 11:29:16 (Std) 	Creating falagard mapping for type 'Vanilla/Button' using base type 'CEGUI/PushButton', window renderer 'Falagard/Button' Look'N'Feel 'Vanilla/Button' and RenderEffect ''. (0018B454)
15/11/2012 11:29:16 (Std) 	Creating falagard mapping for type 'Vanilla/FrameWindow' using base type 'CEGUI/FrameWindow', window renderer 'Falagard/FrameWindow' Look'N'Feel 'Vanilla/FrameWindow' and RenderEffect ''. (0018B454)
15/11/2012 11:29:16 (Std) 	Creating falagard mapping for type 'Vanilla/Editbox' using base type 'CEGUI/Editbox', window renderer 'Falagard/Editbox' Look'N'Feel 'Vanilla/Editbox' and RenderEffect ''. (0018B454)
15/11/2012 11:29:16 (Std) 	Creating falagard mapping for type 'Vanilla/VerticalScrollbarThumb' using base type 'CEGUI/Thumb', window renderer 'Falagard/Button' Look'N'Feel 'Vanilla/VerticalScrollbarThumb' and RenderEffect ''. (0018B454)
15/11/2012 11:29:16 (Std) 	Creating falagard mapping for type 'Vanilla/VerticalScrollbar' using base type 'CEGUI/Scrollbar', window renderer 'Falagard/Scrollbar' Look'N'Feel 'Vanilla/VerticalScrollbar' and RenderEffect ''. (0018B454)
15/11/2012 11:29:16 (Std) 	Creating falagard mapping for type 'Vanilla/HorizontalScrollbarThumb' using base type 'CEGUI/Thumb', window renderer 'Falagard/Button' Look'N'Feel 'Vanilla/HorizontalScrollbarThumb' and RenderEffect ''. (0018B454)
15/11/2012 11:29:16 (Std) 	Creating falagard mapping for type 'Vanilla/HorizontalScrollbar' using base type 'CEGUI/Scrollbar', window renderer 'Falagard/Scrollbar' Look'N'Feel 'Vanilla/HorizontalScrollbar' and RenderEffect ''. (0018B454)
15/11/2012 11:29:16 (Std) 	Creating falagard mapping for type 'Vanilla/StaticImage' using base type 'DefaultWindow', window renderer 'Falagard/StaticImage' Look'N'Feel 'Vanilla/StaticImage' and RenderEffect ''. (0018B454)
15/11/2012 11:29:16 (Std) 	Creating falagard mapping for type 'Vanilla/StaticText' using base type 'DefaultWindow', window renderer 'Falagard/StaticText' Look'N'Feel 'Vanilla/StaticText' and RenderEffect ''. (0018B454)
15/11/2012 11:29:16 (Std) 	Creating falagard mapping for type 'Vanilla/Listbox' using base type 'CEGUI/Listbox', window renderer 'Falagard/Listbox' Look'N'Feel 'Vanilla/Listbox' and RenderEffect ''. (0018B454)
15/11/2012 11:29:16 (Std) 	Creating falagard mapping for type 'Vanilla/MultiLineEditbox' using base type 'CEGUI/MultiLineEditbox', window renderer 'Falagard/MultiLineEditbox' Look'N'Feel 'Vanilla/MultiLineEditbox' and RenderEffect ''. (0018B454)
15/11/2012 11:29:16 (Std) 	Creating falagard mapping for type 'Vanilla/ComboDropList' using base type 'CEGUI/ComboDropList', window renderer 'Falagard/Listbox' Look'N'Feel 'Vanilla/ComboDropList' and RenderEffect ''. (0018B454)
15/11/2012 11:29:16 (Std) 	Creating falagard mapping for type 'Vanilla/Combobox' using base type 'CEGUI/Combobox', window renderer 'Falagard/Default' Look'N'Feel 'Vanilla/Combobox' and RenderEffect ''. (0018B454)
15/11/2012 11:29:16 (Std) 	Creating falagard mapping for type 'Vanilla/ProgressBar' using base type 'CEGUI/ProgressBar', window renderer 'Falagard/ProgressBar' Look'N'Feel 'Vanilla/ProgressBar' and RenderEffect ''. (0018B454)
15/11/2012 11:29:16 (Std) 	Attempting to create Imageset 'BackgroundImage' using image file 'lobby.jpg'.
15/11/2012 11:29:16 (Std) 	Started creation of Font from XML specification:
15/11/2012 11:29:16 (Std) 	---- CEGUI font name: Batang-26
15/11/2012 11:29:16 (Std) 	----       Font type: FreeType
15/11/2012 11:29:16 (Std) 	----     Source file: batang.ttf in resource group: (Default)
15/11/2012 11:29:16 (Std) 	---- Real point size: 14
15/11/2012 11:29:18 (Std) 	Attempting to create Imageset 'Batang-26_auto_glyph_images_ ' with texture only.
15/11/2012 11:29:19 (Error)	Attempt to set value of '19'  to read only property 'HorzExtent' on window: LoginLogin/ID
15/11/2012 11:29:19 (Error)	Attempt to set value of '19.8618'  to read only property 'VertExtent' on window: LoginLogin/ID
15/11/2012 11:29:19 (Error)	Attempt to set value of '84'  to read only property 'HorzExtent' on window: LoginLogin/PassText
15/11/2012 11:29:19 (Error)	Attempt to set value of '19.8618'  to read only property 'VertExtent' on window: LoginLogin/PassText
15/11/2012 11:29:19 (Std) 	---- Successfully completed loading of GUI layout from 'Login.layout' ----
15/11/2012 11:29:19 (Std) 	---- Successfully completed loading of GUI layout from 'VanillaConsole.layout' ----
15/11/2012 11:29:19 (Std) 	---- Successfully completed loading of GUI layout from 'Room.layout' ----
15/11/2012 11:29:56 (Std) 	Attempting to create Imageset 'DejaVuSans-10_auto_glyph_images_ ' with texture only.
